0 info it worked if it ends with ok
1 verbose cli [ '/usr/bin/nodejs', '/usr/bin/npm', 'start' ]
2 info using npm@3.10.10
3 info using node@v6.10.0
4 verbose run-script [ 'prestart', 'start', 'poststart' ]
5 info lifecycle wolf-api@~prestart: wolf-api@
6 silly lifecycle wolf-api@~prestart: no script for prestart, continuing
7 info lifecycle wolf-api@~start: wolf-api@
8 verbose lifecycle wolf-api@~start: unsafe-perm in lifecycle true
9 verbose lifecycle wolf-api@~start: PATH: /usr/lib/node_modules/npm/bin/node-gyp-bin:/media/phoomparin/Data/Dev/Project/wolf/api/node_modules/.bin:/home/phoomparin/.cargo/bin:/home/phoomparin/bin:/home/phoomparin/.local/bin:/usr/local/sbin:/usr/local/bin:/usr/sbin:/usr/bin:/sbin:/bin:/usr/games:/usr/local/games:/snap/bin
10 verbose lifecycle wolf-api@~start: CWD: /media/phoomparin/Data/Dev/Project/wolf/api
11 silly lifecycle wolf-api@~start: Args: [ '-c', 'npm-run-all --parallel dev:*' ]
12 silly lifecycle wolf-api@~start: Returned: code: 1  signal: null
13 info lifecycle wolf-api@~start: Failed to exec start script
14 verbose stack Error: wolf-api@ start: `npm-run-all --parallel dev:*`
14 verbose stack Exit status 1
14 verbose stack     at EventEmitter.<anonymous> (/usr/lib/node_modules/npm/lib/utils/lifecycle.js:255:16)
14 verbose stack     at emitTwo (events.js:106:13)
14 verbose stack     at EventEmitter.emit (events.js:191:7)
14 verbose stack     at ChildProcess.<anonymous> (/usr/lib/node_modules/npm/lib/utils/spawn.js:40:14)
14 verbose stack     at emitTwo (events.js:106:13)
14 verbose stack     at ChildProcess.emit (events.js:191:7)
14 verbose stack     at maybeClose (internal/child_process.js:877:16)
14 verbose stack     at Process.ChildProcess._handle.onexit (internal/child_process.js:226:5)
15 verbose pkgid wolf-api@
16 verbose cwd /media/phoomparin/Data/Dev/Project/wolf/api
17 error Linux 4.4.0-64-generic
18 error argv "/usr/bin/nodejs" "/usr/bin/npm" "start"
19 error node v6.10.0
20 error npm  v3.10.10
21 error code ELIFECYCLE
22 error wolf-api@ start: `npm-run-all --parallel dev:*`
22 error Exit status 1
23 error Failed at the wolf-api@ start script 'npm-run-all --parallel dev:*'.
23 error Make sure you have the latest version of node.js and npm installed.
23 error If you do, this is most likely a problem with the wolf-api package,
23 error not with npm itself.
23 error Tell the author that this fails on your system:
23 error     npm-run-all --parallel dev:*
23 error You can get information on how to open an issue for this project with:
23 error     npm bugs wolf-api
23 error Or if that isn't available, you can get their info via:
23 error     npm owner ls wolf-api
23 error There is likely additional logging output above.
24 verbose exit [ 1, true ]
